{"/Users/jonasbekkali/Documents/Rocket_Elevators_Mobile/assets/R2.png": {"path":"/Users/jonasbekkali/Documents/Rocket_Elevators_Mobile/assets/R2.png","statementMap":{"0":{"start":{"line":1,"column":0},"end":{"line":4,"column":6}}},"fnMap":{},"branchMap":{},"s":{"0":4},"f":{},"b":{},"inputSourceMap":null,"_coverageSchema":"1a1c01bbd47fc00a2c39e90264f33305004495a9","hash":"09bc691edd467a5246df18e9a3155e8130345112"}
,"/Users/jonasbekkali/Documents/Rocket_Elevators_Mobile/assets/activestatus.jpeg": {"path":"/Users/jonasbekkali/Documents/Rocket_Elevators_Mobile/assets/activestatus.jpeg","statementMap":{"0":{"start":{"line":1,"column":0},"end":{"line":4,"column":6}}},"fnMap":{},"branchMap":{},"s":{"0":1},"f":{},"b":{},"inputSourceMap":null,"_coverageSchema":"1a1c01bbd47fc00a2c39e90264f33305004495a9","hash":"6fb5ffbeeb1d7a45cd0b6e9dd9124ff1fd54c505"}
,"/Users/jonasbekkali/Documents/Rocket_Elevators_Mobile/assets/home.jpeg": {"path":"/Users/jonasbekkali/Documents/Rocket_Elevators_Mobile/assets/home.jpeg","statementMap":{"0":{"start":{"line":1,"column":0},"end":{"line":4,"column":6}}},"fnMap":{},"branchMap":{},"s":{"0":2},"f":{},"b":{},"inputSourceMap":null,"_coverageSchema":"1a1c01bbd47fc00a2c39e90264f33305004495a9","hash":"0ace295bf65c2399b49081b38e18cb994b67b862"}
,"/Users/jonasbekkali/Documents/Rocket_Elevators_Mobile/assets/inactivestatus.jpeg": {"path":"/Users/jonasbekkali/Documents/Rocket_Elevators_Mobile/assets/inactivestatus.jpeg","statementMap":{"0":{"start":{"line":1,"column":0},"end":{"line":4,"column":6}}},"fnMap":{},"branchMap":{},"s":{"0":1},"f":{},"b":{},"inputSourceMap":null,"_coverageSchema":"1a1c01bbd47fc00a2c39e90264f33305004495a9","hash":"b8f6e17c295949d371cf3f61eb1be9bbd697a7d4"}
,"/Users/jonasbekkali/Documents/Rocket_Elevators_Mobile/screens/active_status.js": {"path":"/Users/jonasbekkali/Documents/Rocket_Elevators_Mobile/screens/active_status.js","statementMap":{"0":{"start":{"line":6,"column":19},"end":{"line":6,"column":57}},"1":{"start":{"line":9,"column":21},"end":{"line":96,"column":1}},"2":{"start":{"line":12,"column":13},"end":{"line":12,"column":53}},"3":{"start":{"line":14,"column":38},"end":{"line":14,"column":52}},"4":{"start":{"line":16,"column":25},"end":{"line":51,"column":5}},"5":{"start":{"line":18,"column":8},"end":{"line":50,"column":9}},"6":{"start":{"line":19,"column":12},"end":{"line":33,"column":19}},"7":{"start":{"line":24,"column":20},"end":{"line":28,"column":21}},"8":{"start":{"line":25,"column":24},"end":{"line":25,"column":45}},"9":{"start":{"line":26,"column":24},"end":{"line":26,"column":104}},"10":{"start":{"line":27,"column":24},"end":{"line":27,"column":40}},"11":{"start":{"line":32,"column":20},"end":{"line":32,"column":39}},"12":{"start":{"line":34,"column":15},"end":{"line":50,"column":9}},"13":{"start":{"line":35,"column":12},"end":{"line":49,"column":19}},"14":{"start":{"line":40,"column":20},"end":{"line":44,"column":21}},"15":{"start":{"line":41,"column":24},"end":{"line":41,"column":45}},"16":{"start":{"line":42,"column":24},"end":{"line":42,"column":106}},"17":{"start":{"line":43,"column":24},"end":{"line":43,"column":41}},"18":{"start":{"line":48,"column":20},"end":{"line":48,"column":39}},"19":{"start":{"line":54,"column":4},"end":{"line":94,"column":6}},"20":{"start":{"line":68,"column":114},"end":{"line":68,"column":144}},"21":{"start":{"line":77,"column":53},"end":{"line":77,"column":96}},"22":{"start":{"line":81,"column":53},"end":{"line":81,"column":98}},"23":{"start":{"line":88,"column":39},"end":{"line":88,"column":72}},"24":{"start":{"line":98,"column":15},"end":{"line":175,"column":1}}},"fnMap":{"0":{"name":"(anonymous_0)","decl":{"start":{"line":9,"column":21},"end":{"line":9,"column":22}},"loc":{"start":{"line":9,"column":32},"end":{"line":96,"column":1}},"line":9},"1":{"name":"(anonymous_1)","decl":{"start":{"line":16,"column":25},"end":{"line":16,"column":26}},"loc":{"start":{"line":16,"column":55},"end":{"line":51,"column":5}},"line":16},"2":{"name":"(anonymous_2)","decl":{"start":{"line":23,"column":22},"end":{"line":23,"column":23}},"loc":{"start":{"line":23,"column":42},"end":{"line":29,"column":17}},"line":23},"3":{"name":"(anonymous_3)","decl":{"start":{"line":30,"column":23},"end":{"line":30,"column":24}},"loc":{"start":{"line":30,"column":40},"end":{"line":33,"column":17}},"line":30},"4":{"name":"(anonymous_4)","decl":{"start":{"line":39,"column":22},"end":{"line":39,"column":23}},"loc":{"start":{"line":39,"column":42},"end":{"line":45,"column":17}},"line":39},"5":{"name":"(anonymous_5)","decl":{"start":{"line":46,"column":23},"end":{"line":46,"column":24}},"loc":{"start":{"line":46,"column":40},"end":{"line":49,"column":17}},"line":46},"6":{"name":"(anonymous_6)","decl":{"start":{"line":68,"column":108},"end":{"line":68,"column":109}},"loc":{"start":{"line":68,"column":114},"end":{"line":68,"column":144}},"line":68},"7":{"name":"(anonymous_7)","decl":{"start":{"line":77,"column":47},"end":{"line":77,"column":48}},"loc":{"start":{"line":77,"column":53},"end":{"line":77,"column":96}},"line":77},"8":{"name":"(anonymous_8)","decl":{"start":{"line":81,"column":47},"end":{"line":81,"column":48}},"loc":{"start":{"line":81,"column":53},"end":{"line":81,"column":98}},"line":81},"9":{"name":"(anonymous_9)","decl":{"start":{"line":88,"column":33},"end":{"line":88,"column":34}},"loc":{"start":{"line":88,"column":39},"end":{"line":88,"column":72}},"line":88}},"branchMap":{"0":{"loc":{"start":{"line":18,"column":8},"end":{"line":50,"column":9}},"type":"if","locations":[{"start":{"line":18,"column":8},"end":{"line":50,"column":9}},{"start":{"line":18,"column":8},"end":{"line":50,"column":9}}],"line":18},"1":{"loc":{"start":{"line":24,"column":20},"end":{"line":28,"column":21}},"type":"if","locations":[{"start":{"line":24,"column":20},"end":{"line":28,"column":21}},{"start":{"line":24,"column":20},"end":{"line":28,"column":21}}],"line":24},"2":{"loc":{"start":{"line":34,"column":15},"end":{"line":50,"column":9}},"type":"if","locations":[{"start":{"line":34,"column":15},"end":{"line":50,"column":9}},{"start":{"line":34,"column":15},"end":{"line":50,"column":9}}],"line":34},"3":{"loc":{"start":{"line":40,"column":20},"end":{"line":44,"column":21}},"type":"if","locations":[{"start":{"line":40,"column":20},"end":{"line":44,"column":21}},{"start":{"line":40,"column":20},"end":{"line":44,"column":21}}],"line":40},"4":{"loc":{"start":{"line":68,"column":45},"end":{"line":68,"column":97}},"type":"cond-expr","locations":[{"start":{"line":68,"column":60},"end":{"line":68,"column":78}},{"start":{"line":68,"column":81},"end":{"line":68,"column":97}}],"line":68},"5":{"loc":{"start":{"line":69,"column":58},"end":{"line":69,"column":94}},"type":"cond-expr","locations":[{"start":{"line":69,"column":73},"end":{"line":69,"column":81}},{"start":{"line":69,"column":84},"end":{"line":69,"column":94}}],"line":69}},"s":{"0":1,"1":1,"2":0,"3":0,"4":0,"5":0,"6":0,"7":0,"8":0,"9":0,"10":0,"11":0,"12":0,"13":0,"14":0,"15":0,"16":0,"17":0,"18":0,"19":0,"20":0,"21":0,"22":0,"23":0,"24":1},"f":{"0":0,"1":0,"2":0,"3":0,"4":0,"5":0,"6":0,"7":0,"8":0,"9":0},"b":{"0":[0,0],"1":[0,0],"2":[0,0],"3":[0,0],"4":[0,0],"5":[0,0]},"_coverageSchema":"1a1c01bbd47fc00a2c39e90264f33305004495a9","hash":"4e7621c60cf856035830d202c81fed73940e62b0"}
,"/Users/jonasbekkali/Documents/Rocket_Elevators_Mobile/screens/home_screen.js": {"path":"/Users/jonasbekkali/Documents/Rocket_Elevators_Mobile/screens/home_screen.js","statementMap":{"0":{"start":{"line":4,"column":19},"end":{"line":4,"column":49}},"1":{"start":{"line":6,"column":17},"end":{"line":38,"column":1}},"2":{"start":{"line":8,"column":4},"end":{"line":37,"column":5}},"3":{"start":{"line":17,"column":35},"end":{"line":17,"column":79}},"4":{"start":{"line":23,"column":35},"end":{"line":23,"column":81}},"5":{"start":{"line":29,"column":35},"end":{"line":29,"column":68}},"6":{"start":{"line":40,"column":15},"end":{"line":88,"column":1}}},"fnMap":{"0":{"name":"(anonymous_0)","decl":{"start":{"line":6,"column":17},"end":{"line":6,"column":18}},"loc":{"start":{"line":6,"column":28},"end":{"line":38,"column":1}},"line":6},"1":{"name":"(anonymous_1)","decl":{"start":{"line":17,"column":29},"end":{"line":17,"column":30}},"loc":{"start":{"line":17,"column":35},"end":{"line":17,"column":79}},"line":17},"2":{"name":"(anonymous_2)","decl":{"start":{"line":23,"column":29},"end":{"line":23,"column":30}},"loc":{"start":{"line":23,"column":35},"end":{"line":23,"column":81}},"line":23},"3":{"name":"(anonymous_3)","decl":{"start":{"line":29,"column":29},"end":{"line":29,"column":30}},"loc":{"start":{"line":29,"column":35},"end":{"line":29,"column":68}},"line":29}},"branchMap":{},"s":{"0":1,"1":1,"2":0,"3":0,"4":0,"5":0,"6":1},"f":{"0":0,"1":0,"2":0,"3":0},"b":{},"_coverageSchema":"1a1c01bbd47fc00a2c39e90264f33305004495a9","hash":"8eb7a075eb66a6148bd03d3a8e9d0b55cd9ac090"}
,"/Users/jonasbekkali/Documents/Rocket_Elevators_Mobile/screens/inactive_status.js": {"path":"/Users/jonasbekkali/Documents/Rocket_Elevators_Mobile/screens/inactive_status.js","statementMap":{"0":{"start":{"line":6,"column":19},"end":{"line":6,"column":59}},"1":{"start":{"line":9,"column":23},"end":{"line":96,"column":1}},"2":{"start":{"line":12,"column":13},"end":{"line":12,"column":53}},"3":{"start":{"line":14,"column":38},"end":{"line":14,"column":53}},"4":{"start":{"line":16,"column":25},"end":{"line":51,"column":5}},"5":{"start":{"line":18,"column":8},"end":{"line":50,"column":9}},"6":{"start":{"line":19,"column":12},"end":{"line":33,"column":19}},"7":{"start":{"line":24,"column":20},"end":{"line":28,"column":21}},"8":{"start":{"line":25,"column":24},"end":{"line":25,"column":45}},"9":{"start":{"line":26,"column":24},"end":{"line":26,"column":104}},"10":{"start":{"line":27,"column":24},"end":{"line":27,"column":41}},"11":{"start":{"line":32,"column":20},"end":{"line":32,"column":39}},"12":{"start":{"line":34,"column":15},"end":{"line":50,"column":9}},"13":{"start":{"line":35,"column":12},"end":{"line":49,"column":19}},"14":{"start":{"line":40,"column":20},"end":{"line":44,"column":21}},"15":{"start":{"line":41,"column":24},"end":{"line":41,"column":45}},"16":{"start":{"line":42,"column":24},"end":{"line":42,"column":106}},"17":{"start":{"line":43,"column":24},"end":{"line":43,"column":40}},"18":{"start":{"line":48,"column":20},"end":{"line":48,"column":39}},"19":{"start":{"line":54,"column":4},"end":{"line":94,"column":6}},"20":{"start":{"line":68,"column":114},"end":{"line":68,"column":144}},"21":{"start":{"line":77,"column":53},"end":{"line":77,"column":98}},"22":{"start":{"line":81,"column":53},"end":{"line":81,"column":96}},"23":{"start":{"line":88,"column":39},"end":{"line":88,"column":72}},"24":{"start":{"line":98,"column":15},"end":{"line":175,"column":1}}},"fnMap":{"0":{"name":"(anonymous_0)","decl":{"start":{"line":9,"column":23},"end":{"line":9,"column":24}},"loc":{"start":{"line":9,"column":34},"end":{"line":96,"column":1}},"line":9},"1":{"name":"(anonymous_1)","decl":{"start":{"line":16,"column":25},"end":{"line":16,"column":26}},"loc":{"start":{"line":16,"column":55},"end":{"line":51,"column":5}},"line":16},"2":{"name":"(anonymous_2)","decl":{"start":{"line":23,"column":22},"end":{"line":23,"column":23}},"loc":{"start":{"line":23,"column":42},"end":{"line":29,"column":17}},"line":23},"3":{"name":"(anonymous_3)","decl":{"start":{"line":30,"column":23},"end":{"line":30,"column":24}},"loc":{"start":{"line":30,"column":40},"end":{"line":33,"column":17}},"line":30},"4":{"name":"(anonymous_4)","decl":{"start":{"line":39,"column":22},"end":{"line":39,"column":23}},"loc":{"start":{"line":39,"column":42},"end":{"line":45,"column":17}},"line":39},"5":{"name":"(anonymous_5)","decl":{"start":{"line":46,"column":23},"end":{"line":46,"column":24}},"loc":{"start":{"line":46,"column":40},"end":{"line":49,"column":17}},"line":46},"6":{"name":"(anonymous_6)","decl":{"start":{"line":68,"column":108},"end":{"line":68,"column":109}},"loc":{"start":{"line":68,"column":114},"end":{"line":68,"column":144}},"line":68},"7":{"name":"(anonymous_7)","decl":{"start":{"line":77,"column":47},"end":{"line":77,"column":48}},"loc":{"start":{"line":77,"column":53},"end":{"line":77,"column":98}},"line":77},"8":{"name":"(anonymous_8)","decl":{"start":{"line":81,"column":47},"end":{"line":81,"column":48}},"loc":{"start":{"line":81,"column":53},"end":{"line":81,"column":96}},"line":81},"9":{"name":"(anonymous_9)","decl":{"start":{"line":88,"column":33},"end":{"line":88,"column":34}},"loc":{"start":{"line":88,"column":39},"end":{"line":88,"column":72}},"line":88}},"branchMap":{"0":{"loc":{"start":{"line":18,"column":8},"end":{"line":50,"column":9}},"type":"if","locations":[{"start":{"line":18,"column":8},"end":{"line":50,"column":9}},{"start":{"line":18,"column":8},"end":{"line":50,"column":9}}],"line":18},"1":{"loc":{"start":{"line":24,"column":20},"end":{"line":28,"column":21}},"type":"if","locations":[{"start":{"line":24,"column":20},"end":{"line":28,"column":21}},{"start":{"line":24,"column":20},"end":{"line":28,"column":21}}],"line":24},"2":{"loc":{"start":{"line":34,"column":15},"end":{"line":50,"column":9}},"type":"if","locations":[{"start":{"line":34,"column":15},"end":{"line":50,"column":9}},{"start":{"line":34,"column":15},"end":{"line":50,"column":9}}],"line":34},"3":{"loc":{"start":{"line":40,"column":20},"end":{"line":44,"column":21}},"type":"if","locations":[{"start":{"line":40,"column":20},"end":{"line":44,"column":21}},{"start":{"line":40,"column":20},"end":{"line":44,"column":21}}],"line":40},"4":{"loc":{"start":{"line":68,"column":45},"end":{"line":68,"column":97}},"type":"cond-expr","locations":[{"start":{"line":68,"column":60},"end":{"line":68,"column":78}},{"start":{"line":68,"column":81},"end":{"line":68,"column":97}}],"line":68},"5":{"loc":{"start":{"line":69,"column":58},"end":{"line":69,"column":94}},"type":"cond-expr","locations":[{"start":{"line":69,"column":73},"end":{"line":69,"column":81}},{"start":{"line":69,"column":84},"end":{"line":69,"column":94}}],"line":69}},"s":{"0":1,"1":1,"2":0,"3":0,"4":0,"5":0,"6":0,"7":0,"8":0,"9":0,"10":0,"11":0,"12":0,"13":0,"14":0,"15":0,"16":0,"17":0,"18":0,"19":0,"20":0,"21":0,"22":0,"23":0,"24":1},"f":{"0":0,"1":0,"2":0,"3":0,"4":0,"5":0,"6":0,"7":0,"8":0,"9":0},"b":{"0":[0,0],"1":[0,0],"2":[0,0],"3":[0,0],"4":[0,0],"5":[0,0]},"_coverageSchema":"1a1c01bbd47fc00a2c39e90264f33305004495a9","hash":"12b65a900245005fe748af2d7663017f90fec1ed"}
,"/Users/jonasbekkali/Documents/Rocket_Elevators_Mobile/screens/login_screen.js": {"path":"/Users/jonasbekkali/Documents/Rocket_Elevators_Mobile/screens/login_screen.js","statementMap":{"0":{"start":{"line":5,"column":19},"end":{"line":5,"column":49}},"1":{"start":{"line":7,"column":16},"end":{"line":59,"column":1}},"2":{"start":{"line":10,"column":30},"end":{"line":10,"column":42}},"3":{"start":{"line":13,"column":24},"end":{"line":30,"column":5}},"4":{"start":{"line":14,"column":29},"end":{"line":14,"column":34}},"5":{"start":{"line":15,"column":8},"end":{"line":29,"column":15}},"6":{"start":{"line":17,"column":35},"end":{"line":17,"column":50}},"7":{"start":{"line":18,"column":16},"end":{"line":20,"column":17}},"8":{"start":{"line":19,"column":20},"end":{"line":19,"column":53}},"9":{"start":{"line":24,"column":16},"end":{"line":24,"column":68}},"10":{"start":{"line":25,"column":16},"end":{"line":25,"column":131}},"11":{"start":{"line":32,"column":4},"end":{"line":58,"column":5}},"12":{"start":{"line":44,"column":45},"end":{"line":44,"column":69}},"13":{"start":{"line":46,"column":28},"end":{"line":46,"column":43}},"14":{"start":{"line":51,"column":39},"end":{"line":51,"column":52}},"15":{"start":{"line":61,"column":15},"end":{"line":126,"column":1}}},"fnMap":{"0":{"name":"(anonymous_0)","decl":{"start":{"line":7,"column":16},"end":{"line":7,"column":17}},"loc":{"start":{"line":7,"column":27},"end":{"line":59,"column":1}},"line":7},"1":{"name":"(anonymous_1)","decl":{"start":{"line":13,"column":24},"end":{"line":13,"column":25}},"loc":{"start":{"line":13,"column":30},"end":{"line":30,"column":5}},"line":13},"2":{"name":"(anonymous_2)","decl":{"start":{"line":16,"column":18},"end":{"line":16,"column":19}},"loc":{"start":{"line":16,"column":38},"end":{"line":21,"column":13}},"line":16},"3":{"name":"(anonymous_3)","decl":{"start":{"line":22,"column":19},"end":{"line":22,"column":20}},"loc":{"start":{"line":22,"column":36},"end":{"line":26,"column":13}},"line":22},"4":{"name":"(anonymous_4)","decl":{"start":{"line":27,"column":18},"end":{"line":27,"column":19}},"loc":{"start":{"line":27,"column":30},"end":{"line":29,"column":13}},"line":27},"5":{"name":"(anonymous_5)","decl":{"start":{"line":44,"column":38},"end":{"line":44,"column":39}},"loc":{"start":{"line":44,"column":45},"end":{"line":44,"column":69}},"line":44},"6":{"name":"(anonymous_6)","decl":{"start":{"line":45,"column":38},"end":{"line":45,"column":39}},"loc":{"start":{"line":45,"column":49},"end":{"line":47,"column":25}},"line":45},"7":{"name":"(anonymous_7)","decl":{"start":{"line":51,"column":33},"end":{"line":51,"column":34}},"loc":{"start":{"line":51,"column":39},"end":{"line":51,"column":52}},"line":51}},"branchMap":{"0":{"loc":{"start":{"line":18,"column":16},"end":{"line":20,"column":17}},"type":"if","locations":[{"start":{"line":18,"column":16},"end":{"line":20,"column":17}},{"start":{"line":18,"column":16},"end":{"line":20,"column":17}}],"line":18}},"s":{"0":1,"1":1,"2":0,"3":0,"4":0,"5":0,"6":0,"7":0,"8":0,"9":0,"10":0,"11":0,"12":0,"13":0,"14":0,"15":1},"f":{"0":0,"1":0,"2":0,"3":0,"4":0,"5":0,"6":0,"7":0},"b":{"0":[0,0]},"_coverageSchema":"1a1c01bbd47fc00a2c39e90264f33305004495a9","hash":"58b890b1b4783088af0d47384864fd599f270084"}
}
